# JRE version: OpenJDK Runtime Environment (9.0.1+1) (build 9.0.7.1+1)
# Java VM: OpenJDK 64-Bit Server VM (9.0.7.1+1, mixed mode, tiered, compressed oops, parallel gc, linux-amd64)
Heap:
 PSYoungGen      total 176128K, used 4336K [0x00000000e6300000, 0x00000000f1b00000, 0x0000000100000000)
  eden space 163840K, 0% used [0x00000000e6300000,0x00000000e6300000,0x00000000f0300000)
  from space 12288K, 35% used [0x00000000f0300000,0x00000000f073c080,0x00000000f0f00000)
  to   space 12288K, 0% used [0x00000000f0f00000,0x00000000f0f00000,0x00000000f1b00000)
 ParOldGen       total 53248K, used 21718K [0x00000000b2800000, 0x00000000b5c00000, 0x00000000e6300000)
  object space 53248K, 40% used [0x00000000b2800000,0x00000000b3d35b48,0x00000000b5c00000)
 Metaspace       used 39788K, capacity 41678K, committed 41984K, reserved 1087488K
  class space    used 4404K, capacity 4738K, committed 4864K, reserved 1048576K
GC Heap History (10 events):
Event: 4.405 GC heap after
{Heap after GC invocations=6 (full 1):
 PSYoungGen      total 44032K, used 3040K [0x00000000e6300000, 0x00000000ec900000, 0x0000000100000000)
  eden space 40960K, 0% used [0x00000000e6300000,0x00000000e6300000,0x00000000e8b00000)
  from space 3072K, 98% used [0x00000000e8b00000,0x00000000e8df80a0,0x00000000e8e00000)
  to   space 11264K, 0% used [0x00000000ebe00000,0x00000000ebe00000,0x00000000ec900000)
 ParOldGen       total 53248K, used 23148K [0x00000000b2800000, 0x00000000b5c00000, 0x00000000e6300000)
  object space 53248K, 43% used [0x00000000b2800000,0x00000000b3e9b0d8,0x00000000b5c00000)
 Metaspace       used 33210K, capacity 34520K, committed 34560K, reserved 1079296K
  class space    used 3794K, capacity 4061K, committed 4096K, reserved 1048576K
}
Event: 5.308 GC heap before
{Heap before GC invocations=7 (full 1):
 PSYoungGen      total 44032K, used 43475K [0x00000000e6300000, 0x00000000ec900000, 0x0000000100000000)
  eden space 40960K, 98% used [0x00000000e6300000,0x00000000e8a7cbd8,0x00000000e8b00000)
  from space 3072K, 98% used [0x00000000e8b00000,0x00000000e8df80a0,0x00000000e8e00000)
  to   space 11264K, 0% used [0x00000000ebe00000,0x00000000ebe00000,0x00000000ec900000)
 ParOldGen       total 53248K, used 23148K [0x00000000b2800000, 0x00000000b5c00000, 0x00000000e6300000)
  object space 53248K, 43% used [0x00000000b2800000,0x00000000b3e9b0d8,0x00000000b5c00000)
 Metaspace       used 33991K, capacity 35360K, committed 35496K, reserved 1081344K
  class space    used 3836K, capacity 4079K, committed 4096K, reserved 1048576K
}
Event: 5.330 GC heap after
{Heap after GC invocations=7 (full 1):
 PSYoungGen      total 93184K, used 9546K [0x00000000e6300000, 0x00000000ec900000, 0x0000000100000000)
  eden space 81920K, 0% used [0x00000000e6300000,0x00000000e6300000,0x00000000eb300000)
  from space 11264K, 84% used [0x00000000ebe00000,0x00000000ec752938,0x00000000ec900000)
  to   space 11264K, 0% used [0x00000000eb300000,0x00000000eb300000,0x00000000ebe00000)
 ParOldGen       total 53248K, used 23156K [0x00000000b2800000, 0x00000000b5c00000, 0x00000000e6300000)
  object space 53248K, 43% used [0x00000000b2800000,0x00000000b3e9d0d8,0x00000000b5c00000)
 Metaspace       used 33991K, capacity 35360K, committed 35496K, reserved 1081344K
  class space    used 3836K, capacity 4079K, committed 4096K, reserved 1048576K
}
Event: 5.330 GC heap before
{Heap before GC invocations=8 (full 2):
 PSYoungGen      total 93184K, used 9546K [0x00000000e6300000, 0x00000000ec900000, 0x0000000100000000)
  eden space 81920K, 0% used [0x00000000e6300000,0x00000000e6300000,0x00000000eb300000)
  from space 11264K, 84% used [0x00000000ebe00000,0x00000000ec752938,0x00000000ec900000)
  to   space 11264K, 0% used [0x00000000eb300000,0x00000000eb300000,0x00000000ebe00000)
 ParOldGen       total 53248K, used 23156K [0x00000000b2800000, 0x00000000b5c00000, 0x00000000e6300000)
  object space 53248K, 43% used [0x00000000b2800000,0x00000000b3e9d0d8,0x00000000b5c00000)
 Metaspace       used 33991K, capacity 35360K, committed 35496K, reserved 1081344K
  class space    used 3836K, capacity 4079K, committed 4096K, reserved 1048576K
}
Event: 5.433 GC heap after
{Heap after GC invocations=8 (full 2):
 PSYoungGen      total 93184K, used 0K [0x00000000e6300000, 0x00000000ec900000, 0x0000000100000000)
  eden space 81920K, 0% used [0x00000000e6300000,0x00000000e6300000,0x00000000eb300000)
  from space 11264K, 0% used [0x00000000ebe00000,0x00000000ebe00000,0x00000000ec900000)
  to   space 11264K, 0% used [0x00000000eb300000,0x00000000eb300000,0x00000000ebe00000)
 ParOldGen       total 53248K, used 21694K [0x00000000b2800000, 0x00000000b5c00000, 0x00000000e6300000)
  object space 53248K, 40% used [0x00000000b2800000,0x00000000b3d2fb48,0x00000000b5c00000)
 Metaspace       used 33989K, capacity 35358K, committed 35496K, reserved 1081344K
  class space    used 3835K, capacity 4078K, committed 4096K, reserved 1048576K
}
Event: 6.549 GC heap before
{Heap before GC invocations=9 (full 2):
 PSYoungGen      total 93184K, used 81920K [0x00000000e6300000, 0x00000000ec900000, 0x0000000100000000)
  eden space 81920K, 100% used [0x00000000e6300000,0x00000000eb300000,0x00000000eb300000)
  from space 11264K, 0% used [0x00000000ebe00000,0x00000000ebe00000,0x00000000ec900000)
  to   space 11264K, 0% used [0x00000000eb300000,0x00000000eb300000,0x00000000ebe00000)
 ParOldGen       total 53248K, used 21694K [0x00000000b2800000, 0x00000000b5c00000, 0x00000000e6300000)
  object space 53248K, 40% used [0x00000000b2800000,0x00000000b3d2fb48,0x00000000b5c00000)
 Metaspace       used 35908K, capacity 37442K, committed 37632K, reserved 1083392K
  class space    used 4032K, capacity 4314K, committed 4352K, reserved 1048576K
}
Event: 6.556 GC heap after
{Heap after GC invocations=9 (full 2):
 PSYoungGen      total 93184K, used 3062K [0x00000000e6300000, 0x00000000f1b00000, 0x0000000100000000)
  eden space 81920K, 0% used [0x00000000e6300000,0x00000000e6300000,0x00000000eb300000)
  from space 11264K, 27% used [0x00000000eb300000,0x00000000eb5fd938,0x00000000ebe00000)
  to   space 12288K, 0% used [0x00000000f0f00000,0x00000000f0f00000,0x00000000f1b00000)
 ParOldGen       total 53248K, used 21702K [0x00000000b2800000, 0x00000000b5c00000, 0x00000000e6300000)
  object space 53248K, 40% used [0x00000000b2800000,0x00000000b3d31b48,0x00000000b5c00000)
 Metaspace       used 35908K, capacity 37442K, committed 37632K, reserved 1083392K
  class space    used 4032K, capacity 4314K, committed 4352K, reserved 1048576K
}
Event: 7.643 GC heap before
{Heap before GC invocations=10 (full 2):
 PSYoungGen      total 93184K, used 84982K [0x00000000e6300000, 0x00000000f1b00000, 0x0000000100000000)
  eden space 81920K, 100% used [0x00000000e6300000,0x00000000eb300000,0x00000000eb300000)
  from space 11264K, 27% used [0x00000000eb300000,0x00000000eb5fd938,0x00000000ebe00000)
  to   space 12288K, 0% used [0x00000000f0f00000,0x00000000f0f00000,0x00000000f1b00000)
 ParOldGen       total 53248K, used 21702K [0x00000000b2800000, 0x00000000b5c00000, 0x00000000e6300000)
  object space 53248K, 40% used [0x00000000b2800000,0x00000000b3d31b48,0x00000000b5c00000)
 Metaspace       used 39180K, capacity 40994K, committed 41344K, reserved 1085440K
  class space    used 4356K, capacity 4640K, committed 4736K, reserved 1048576K
}
Event: 7.653 GC heap after
{Heap after GC invocations=10 (full 2):
 PSYoungGen      total 176128K, used 6364K [0x00000000e6300000, 0x00000000f1b00000, 0x0000000100000000)
  eden space 163840K, 0% used [0x00000000e6300000,0x00000000e6300000,0x00000000f0300000)
  from space 12288K, 51% used [0x00000000f0f00000,0x00000000f15370b8,0x00000000f1b00000)
  to   space 12288K, 0% used [0x00000000f0300000,0x00000000f0300000,0x00000000f0f00000)
 ParOldGen       total 53248K, used 21710K [0x00000000b2800000, 0x00000000b5c00000, 0x00000000e6300000)
  object space 53248K, 40% used [0x00000000b2800000,0x00000000b3d33b48,0x00000000b5c00000)
 Metaspace       used 39180K, capacity 40994K, committed 41344K, reserved 1085440K
  class space    used 4356K, capacity 4640K, committed 4736K, reserved 1048576K
}
Event: 11.884 GC heap before
{Heap before GC invocations=11 (full 2):
 PSYoungGen      total 176128K, used 144624K [0x00000000e6300000, 0x00000000f1b00000, 0x0000000100000000)
  eden space 163840K, 84% used [0x00000000e6300000,0x00000000eea052d0,0x00000000f0300000)
  from space 12288K, 51% used [0x00000000f0f00000,0x00000000f15370b8,0x00000000f1b00000)
  to   space 12288K, 0% used [0x00000000f0300000,0x00000000f0300000,0x00000000f0f00000)
 ParOldGen       total 53248K, used 21710K [0x00000000b2800000, 0x00000000b5c00000, 0x00000000e6300000)
  object space 53248K, 40% used [0x00000000b2800000,0x00000000b3d33b48,0x00000000b5c00000)
 Metaspace       used 39788K, capacity 41678K, committed 41984K, reserved 1087488K
  class space    used 4404K, capacity 4738K, committed 4864K, reserved 1048576K
}

