# JRE version: OpenJDK Runtime Environment (9.0.1+1) (build 9.0.7.1+1)
# Java VM: OpenJDK 64-Bit Server VM (9.0.7.1+1, mixed mode, tiered, compressed oops, parallel gc, linux-amd64)
Heap:
 PSYoungGen      total 88576K, used 88100K [0x00000000e6300000, 0x00000000eca00000, 0x0000000100000000)
  eden space 81920K, 100% used [0x00000000e6300000,0x00000000eb300000,0x00000000eb300000)
  from space 6656K, 92% used [0x00000000eb600000,0x00000000ebc09260,0x00000000ebc80000)
  to   space 11776K, 3% used [0x00000000ebe80000,0x00000000ebee0010,0x00000000eca00000)
 ParOldGen       total 53248K, used 36405K [0x00000000b2800000, 0x00000000b5c00000, 0x00000000e6300000)
  object space 53248K, 68% used [0x00000000b2800000,0x00000000b4b8d500,0x00000000b5c00000)
 Metaspace       used 44402K, capacity 46466K, committed 46720K, reserved 1091584K
  class space    used 4877K, capacity 5235K, committed 5248K, reserved 1048576K
GC Heap History (10 events):
Event: 13.532 GC heap after
{Heap after GC invocations=15 (full 2):
 PSYoungGen      total 69632K, used 1888K [0x00000000e6300000, 0x00000000ed400000, 0x0000000100000000)
  eden space 57344K, 0% used [0x00000000e6300000,0x00000000e6300000,0x00000000e9b00000)
  from space 12288K, 15% used [0x00000000e9b00000,0x00000000e9cd8000,0x00000000ea700000)
  to   space 11776K, 0% used [0x00000000ec880000,0x00000000ec880000,0x00000000ed400000)
 ParOldGen       total 53248K, used 24759K [0x00000000b2800000, 0x00000000b5c00000, 0x00000000e6300000)
  object space 53248K, 46% used [0x00000000b2800000,0x00000000b402df90,0x00000000b5c00000)
 Metaspace       used 37356K, capacity 38666K, committed 38784K, reserved 1083392K
  class space    used 4202K, capacity 4473K, committed 4480K, reserved 1048576K
}
Event: 14.166 GC heap before
{Heap before GC invocations=16 (full 2):
 PSYoungGen      total 69632K, used 59232K [0x00000000e6300000, 0x00000000ed400000, 0x0000000100000000)
  eden space 57344K, 100% used [0x00000000e6300000,0x00000000e9b00000,0x00000000e9b00000)
  from space 12288K, 15% used [0x00000000e9b00000,0x00000000e9cd8000,0x00000000ea700000)
  to   space 11776K, 0% used [0x00000000ec880000,0x00000000ec880000,0x00000000ed400000)
 ParOldGen       total 53248K, used 24759K [0x00000000b2800000, 0x00000000b5c00000, 0x00000000e6300000)
  object space 53248K, 46% used [0x00000000b2800000,0x00000000b402df90,0x00000000b5c00000)
 Metaspace       used 37375K, capacity 38666K, committed 38784K, reserved 1083392K
  class space    used 4202K, capacity 4473K, committed 4480K, reserved 1048576K
}
Event: 14.176 GC heap after
{Heap after GC invocations=16 (full 2):
 PSYoungGen      total 103936K, used 1696K [0x00000000e6300000, 0x00000000ed400000, 0x0000000100000000)
  eden space 92160K, 0% used [0x00000000e6300000,0x00000000e6300000,0x00000000ebd00000)
  from space 11776K, 14% used [0x00000000ec880000,0x00000000eca28000,0x00000000ed400000)
  to   space 11776K, 0% used [0x00000000ebd00000,0x00000000ebd00000,0x00000000ec880000)
 ParOldGen       total 53248K, used 24783K [0x00000000b2800000, 0x00000000b5c00000, 0x00000000e6300000)
  object space 53248K, 46% used [0x00000000b2800000,0x00000000b4033f90,0x00000000b5c00000)
 Metaspace       used 37375K, capacity 38666K, committed 38784K, reserved 1083392K
  class space    used 4202K, capacity 4473K, committed 4480K, reserved 1048576K
}
Event: 22.403 GC heap before
{Heap before GC invocations=17 (full 2):
 PSYoungGen      total 103936K, used 93856K [0x00000000e6300000, 0x00000000ed400000, 0x0000000100000000)
  eden space 92160K, 100% used [0x00000000e6300000,0x00000000ebd00000,0x00000000ebd00000)
  from space 11776K, 14% used [0x00000000ec880000,0x00000000eca28000,0x00000000ed400000)
  to   space 11776K, 0% used [0x00000000ebd00000,0x00000000ebd00000,0x00000000ec880000)
 ParOldGen       total 53248K, used 24783K [0x00000000b2800000, 0x00000000b5c00000, 0x00000000e6300000)
  object space 53248K, 46% used [0x00000000b2800000,0x00000000b4033f90,0x00000000b5c00000)
 Metaspace       used 37961K, capacity 39318K, committed 39680K, reserved 1085440K
  class space    used 4225K, capacity 4483K, committed 4608K, reserved 1048576K
}
Event: 22.415 GC heap after
{Heap after GC invocations=17 (full 2):
 PSYoungGen      total 94208K, used 5424K [0x00000000e6300000, 0x00000000ecf80000, 0x0000000100000000)
  eden space 88576K, 0% used [0x00000000e6300000,0x00000000e6300000,0x00000000eb980000)
  from space 5632K, 96% used [0x00000000ebd00000,0x00000000ec24c010,0x00000000ec280000)
  to   space 11264K, 0% used [0x00000000ec480000,0x00000000ec480000,0x00000000ecf80000)
 ParOldGen       total 53248K, used 24807K [0x00000000b2800000, 0x00000000b5c00000, 0x00000000e6300000)
  object space 53248K, 46% used [0x00000000b2800000,0x00000000b4039f90,0x00000000b5c00000)
 Metaspace       used 37961K, capacity 39318K, committed 39680K, reserved 1085440K
  class space    used 4225K, capacity 4483K, committed 4608K, reserved 1048576K
}
Event: 23.546 GC heap before
{Heap before GC invocations=18 (full 2):
 PSYoungGen      total 94208K, used 94000K [0x00000000e6300000, 0x00000000ecf80000, 0x0000000100000000)
  eden space 88576K, 100% used [0x00000000e6300000,0x00000000eb980000,0x00000000eb980000)
  from space 5632K, 96% used [0x00000000ebd00000,0x00000000ec24c010,0x00000000ec280000)
  to   space 11264K, 0% used [0x00000000ec480000,0x00000000ec480000,0x00000000ecf80000)
 ParOldGen       total 53248K, used 24807K [0x00000000b2800000, 0x00000000b5c00000, 0x00000000e6300000)
  object space 53248K, 46% used [0x00000000b2800000,0x00000000b4039f90,0x00000000b5c00000)
 Metaspace       used 39311K, capacity 40820K, committed 41088K, reserved 1085440K
  class space    used 4365K, capacity 4636K, committed 4736K, reserved 1048576K
}
Event: 23.559 GC heap after
{Heap after GC invocations=18 (full 2):
 PSYoungGen      total 93696K, used 7062K [0x00000000e6300000, 0x00000000ecd00000, 0x0000000100000000)
  eden space 84992K, 0% used [0x00000000e6300000,0x00000000e6300000,0x00000000eb600000)
  from space 8704K, 81% used [0x00000000ec480000,0x00000000ecb65b08,0x00000000ecd00000)
  to   space 11776K, 0% used [0x00000000eb600000,0x00000000eb600000,0x00000000ec180000)
 ParOldGen       total 53248K, used 27940K [0x00000000b2800000, 0x00000000b5c00000, 0x00000000e6300000)
  object space 53248K, 52% used [0x00000000b2800000,0x00000000b4349030,0x00000000b5c00000)
 Metaspace       used 39311K, capacity 40820K, committed 41088K, reserved 1085440K
  class space    used 4365K, capacity 4636K, committed 4736K, reserved 1048576K
}
Event: 28.035 GC heap before
{Heap before GC invocations=19 (full 2):
 PSYoungGen      total 93696K, used 92054K [0x00000000e6300000, 0x00000000ecd00000, 0x0000000100000000)
  eden space 84992K, 100% used [0x00000000e6300000,0x00000000eb600000,0x00000000eb600000)
  from space 8704K, 81% used [0x00000000ec480000,0x00000000ecb65b08,0x00000000ecd00000)
  to   space 11776K, 0% used [0x00000000eb600000,0x00000000eb600000,0x00000000ec180000)
 ParOldGen       total 53248K, used 27940K [0x00000000b2800000, 0x00000000b5c00000, 0x00000000e6300000)
  object space 53248K, 52% used [0x00000000b2800000,0x00000000b4349030,0x00000000b5c00000)
 Metaspace       used 44146K, capacity 46242K, committed 46464K, reserved 1091584K
  class space    used 4854K, capacity 5203K, committed 5248K, reserved 1048576K
}
Event: 28.054 GC heap after
{Heap after GC invocations=19 (full 2):
 PSYoungGen      total 88576K, used 6180K [0x00000000e6300000, 0x00000000eca00000, 0x0000000100000000)
  eden space 81920K, 0% used [0x00000000e6300000,0x00000000e6300000,0x00000000eb300000)
  from space 6656K, 92% used [0x00000000eb600000,0x00000000ebc09260,0x00000000ebc80000)
  to   space 11776K, 0% used [0x00000000ebe80000,0x00000000ebe80000,0x00000000eca00000)
 ParOldGen       total 53248K, used 33788K [0x00000000b2800000, 0x00000000b5c00000, 0x00000000e6300000)
  object space 53248K, 63% used [0x00000000b2800000,0x00000000b48ff030,0x00000000b5c00000)
 Metaspace       used 44146K, capacity 46242K, committed 46464K, reserved 1091584K
  class space    used 4854K, capacity 5203K, committed 5248K, reserved 1048576K
}
Event: 40.186 GC heap before
{Heap before GC invocations=20 (full 2):
 PSYoungGen      total 88576K, used 88100K [0x00000000e6300000, 0x00000000eca00000, 0x0000000100000000)
  eden space 81920K, 100% used [0x00000000e6300000,0x00000000eb300000,0x00000000eb300000)
  from space 6656K, 92% used [0x00000000eb600000,0x00000000ebc09260,0x00000000ebc80000)
  to   space 11776K, 0% used [0x00000000ebe80000,0x00000000ebe80000,0x00000000eca00000)
 ParOldGen       total 53248K, used 33788K [0x00000000b2800000, 0x00000000b5c00000, 0x00000000e6300000)
  object space 53248K, 63% used [0x00000000b2800000,0x00000000b48ff030,0x00000000b5c00000)
 Metaspace       used 44402K, capacity 46466K, committed 46720K, reserved 1091584K
  class space    used 4877K, capacity 5235K, committed 5248K, reserved 1048576K
}

